Using pre-set license
Built from '2021.3/staging' branch; Version is '2021.3.3f1 (af2e63e8f9bd) revision 11480675'; Using compiler version '192829333'; Build Type 'Release'
OS: 'Windows 11  (10.0.22621) 64bit Professional' Language: 'ru' Physical Memory: 16270 MB
BatchMode: 1, IsHumanControllingUs: 0, StartBugReporterOnCrash: 0, Is64bit: 1, IsPro: 1

COMMAND LINE ARGUMENTS:
E:\Unity\2021.3.3f1\Editor\Unity.exe
-adb2
-batchMode
-noUpm
-name
AssetImportWorker0
-projectPath
E:/Projects/JumpUp
-logFile
Logs/AssetImportWorker0.log
-srvPort
51369
Successfully changed project path to: E:/Projects/JumpUp
E:/Projects/JumpUp
[UnityMemory] Configuration Parameters - Can be set up in boot.config
    "memorysetup-bucket-allocator-granularity=16"
    "memorysetup-bucket-allocator-bucket-count=8"
    "memorysetup-bucket-allocator-block-size=33554432"
    "memorysetup-bucket-allocator-block-count=8"
    "memorysetup-main-allocator-block-size=16777216"
    "memorysetup-thread-allocator-block-size=16777216"
    "memorysetup-gfx-main-allocator-block-size=16777216"
    "memorysetup-gfx-thread-allocator-block-size=16777216"
    "memorysetup-cache-allocator-block-size=4194304"
    "memorysetup-typetree-allocator-block-size=2097152"
    "memorysetup-profiler-bucket-allocator-granularity=16"
    "memorysetup-profiler-bucket-allocator-bucket-count=8"
    "memorysetup-profiler-bucket-allocator-block-size=33554432"
    "memorysetup-profiler-bucket-allocator-block-count=8"
    "memorysetup-profiler-allocator-block-size=16777216"
    "memorysetup-profiler-editor-allocator-block-size=1048576"
    "memorysetup-temp-allocator-size-main=16777216"
    "memorysetup-job-temp-allocator-block-size=2097152"
    "memorysetup-job-temp-allocator-block-size-background=1048576"
    "memorysetup-job-temp-allocator-reduction-small-platforms=262144"
    "memorysetup-temp-allocator-size-background-worker=32768"
    "memorysetup-temp-allocator-size-job-worker=262144"
    "memorysetup-temp-allocator-size-preload-manager=33554432"
    "memorysetup-temp-allocator-size-nav-mesh-worker=65536"
    "memorysetup-temp-allocator-size-audio-worker=65536"
    "memorysetup-temp-allocator-size-cloud-worker=32768"
    "memorysetup-temp-allocator-size-gi-baking-worker=262144"
    "memorysetup-temp-allocator-size-gfx=262144"
Refreshing native plugins compatible for Editor in 46.07 ms, found 2 plugins.
Preloading 0 native plugins for Editor in 0.00 ms.
Initialize engine version: 2021.3.3f1 (af2e63e8f9bd)
[Subsystems] Discovering subsystems at path E:/Unity/2021.3.3f1/Editor/Data/Resources/UnitySubsystems
[Subsystems] Discovering subsystems at path E:/Projects/JumpUp/Assets
GfxDevice: creating device client; threaded=0; jobified=0
Direct3D:
    Version:  Direct3D 11.0 [level 11.1]
    Renderer: NVIDIA GeForce RTX 3060 Ti (ID=0x2489)
    Vendor:   NVIDIA
    VRAM:     8038 MB
    Driver:   31.0.15.3161
Initialize mono
Mono path[0] = 'E:/Unity/2021.3.3f1/Editor/Data/Managed'
Mono path[1] = 'E:/Unity/2021.3.3f1/Editor/Data/MonoBleedingEdge/lib/mono/unityjit-win32'
Mono config path = 'E:/Unity/2021.3.3f1/Editor/Data/MonoBleedingEdge/etc'
Using monoOptions --debugger-agent=transport=dt_socket,embedding=1,server=y,suspend=n,address=127.0.0.1:56472
Begin MonoManager ReloadAssembly
Registering precompiled unity dll's ...
Register platform support module: E:/Unity/2021.3.3f1/Editor/Data/PlaybackEngines/WebGLSupport/UnityEditor.WebGL.Extensions.dll
Register platform support module: E:/Unity/2021.3.3f1/Editor/Data/PlaybackEngines/AndroidPlayer/UnityEditor.Android.Extensions.dll
Register platform support module: E:/Unity/2021.3.3f1/Editor/Data/PlaybackEngines/WindowsStandaloneSupport/UnityEditor.WindowsStandalone.Extensions.dll
Registered in 0.001948 seconds.
Native extension for WindowsStandalone target not found
Native extension for Android target not found
Native extension for WebGL target not found
Refreshing native plugins compatible for Editor in 54.52 ms, found 2 plugins.
Preloading 0 native plugins for Editor in 0.00 ms.
Mono: successfully reloaded assembly
- Completed reload, in  0.525 seconds
Domain Reload Profiling:
	ReloadAssembly (526ms)
		BeginReloadAssembly (61ms)
			ExecutionOrderSort (0ms)
			DisableScriptedObjects (0ms)
			BackupInstance (0ms)
			ReleaseScriptingObjects (0ms)
			CreateAndSetChildDomain (1ms)
		EndReloadAssembly (395ms)
			LoadAssemblies (62ms)
			RebuildTransferFunctionScriptingTraits (0ms)
			SetupTypeCache (100ms)
			ReleaseScriptCaches (0ms)
			RebuildScriptCaches (21ms)
			SetupLoadedEditorAssemblies (234ms)
				LogAssemblyErrors (0ms)
				InitializePlatformSupportModulesInManaged (40ms)
				SetLoadedEditorAssemblies (0ms)
				RefreshPlugins (55ms)
				BeforeProcessingInitializeOnLoad (1ms)
				ProcessInitializeOnLoadAttributes (96ms)
				ProcessInitializeOnLoadMethodAttributes (41ms)
				AfterProcessingInitializeOnLoad (0ms)
				EditorAssembliesLoaded (0ms)
			ExecutionOrderSort2 (0ms)
			AwakeInstancesAfterBackupRestoration (0ms)
Platform modules already initialized, skipping
Registering precompiled user dll's ...
Registered in 0.004159 seconds.
Begin MonoManager ReloadAssembly
Native extension for WindowsStandalone target not found
Native extension for Android target not found
Native extension for WebGL target not found
Refreshing native plugins compatible for Editor in 0.72 ms, found 2 plugins.
Preloading 0 native plugins for Editor in 0.00 ms.
Unable to write to 'ProjectSettings\GvhProjectSettings.xml' (System.IO.IOException: Sharing violation on path E:\Projects\JumpUp\ProjectSettings\GvhProjectSettings.xml
  at System.IO.FileStream..ctor (System.String path, System.IO.FileMode mode, System.IO.FileAccess access, System.IO.FileShare share, System.Int32 bufferSize, System.Boolean anonymous, System.IO.FileOptions options) [0x0019e] in <6073cf49ed704e958b8a66d540dea948>:0 
  at System.IO.FileStream..ctor (System.String path, System.IO.FileMode mode, System.IO.FileAccess access, System.IO.FileShare share, System.Int32 bufferSize, System.IO.FileOptions options) [0x00000] in <6073cf49ed704e958b8a66d540dea948>:0 
  at System.IO.FileStream..ctor (System.String path, System.IO.FileMode mode, System.IO.FileAccess access, System.IO.FileShare share, System.Int32 bufferSize, System.Boolean useAsync) [0x00000] in <6073cf49ed704e958b8a66d540dea948>:0 
  at (wrapper remoting-invoke-with-check) System.IO.FileStream..ctor(string,System.IO.FileMode,System.IO.FileAccess,System.IO.FileShare,int,bool)
  at System.Xml.XmlWriterSettings.CreateWriter (System.String outputFileName) [0x00051] in <938a03e8c5f34c788591fc3c21d5b34b>:0 
  at System.Xml.XmlWriter.Create (System.String outputFileName, System.Xml.XmlWriterSettings settings) [0x0000a] in <938a03e8c5f34c788591fc3c21d5b34b>:0 
  at Google.ProjectSettings.Save () [0x0006d] in /Users/chkuang/Workspace/git/unity-jar-resolver/source/VersionHandlerImpl/src/ProjectSettings.cs:821 , Project settings were not saved!
UnityEngine.StackTraceUtility:ExtractStackTrace ()
UnityEngine.DebugLogHandler:LogFormat (UnityEngine.LogType,UnityEngine.Object,string,object[])
UnityEngine.Logger:Log (UnityEngine.LogType,object)
UnityEngine.Debug:LogError (object)
Google.Logger:Log (string,Google.LogLevel) (at /Users/chkuang/Workspace/git/unity-jar-resolver/source/VersionHandlerImpl/src/Logger.cs:136)
Google.ProjectSettings:Save () (at /Users/chkuang/Workspace/git/unity-jar-resolver/source/VersionHandlerImpl/src/ProjectSettings.cs:844)
Google.ProjectSettings:SetBool (string,bool,Google.SettingsLocation) (at /Users/chkuang/Workspace/git/unity-jar-resolver/source/VersionHandlerImpl/src/ProjectSettings.cs:485)
Google.ProjectSettings:SetBool (string,bool) (at /Users/chkuang/Workspace/git/unity-jar-resolver/source/VersionHandlerImpl/src/ProjectSettings.cs:497)
Google.IOSResolver:set_VerboseLoggingEnabled (bool) (at /Users/chkuang/Workspace/git/unity-jar-resolver/source/IOSResolver/src/IOSResolver.cs:1040)
Google.IOSResolver:.cctor () (at /Users/chkuang/Workspace/git/unity-jar-resolver/source/IOSResolver/src/IOSResolver.cs:726)
System.Runtime.CompilerServices.RuntimeHelpers:RunClassConstructor (System.RuntimeTypeHandle)
UnityEditor.EditorAssemblies:ProcessInitializeOnLoadAttributes (System.Type[])

(Filename: /Users/chkuang/Workspace/git/unity-jar-resolver/source/VersionHandlerImpl/src/ProjectSettings.cs Line: 844)

Mono: successfully reloaded assembly
- Completed reload, in  1.310 seconds
Domain Reload Profiling:
	ReloadAssembly (1310ms)
		BeginReloadAssembly (209ms)
			ExecutionOrderSort (0ms)
			DisableScriptedObjects (6ms)
			BackupInstance (0ms)
			ReleaseScriptingObjects (0ms)
			CreateAndSetChildDomain (123ms)
		EndReloadAssembly (1021ms)
			LoadAssemblies (547ms)
			RebuildTransferFunctionScriptingTraits (0ms)
			SetupTypeCache (154ms)
			ReleaseScriptCaches (0ms)
			RebuildScriptCaches (41ms)
			SetupLoadedEditorAssemblies (270ms)
				LogAssemblyErrors (0ms)
				InitializePlatformSupportModulesInManaged (10ms)
				SetLoadedEditorAssemblies (0ms)
				RefreshPlugins (1ms)
				BeforeProcessingInitializeOnLoad (37ms)
				ProcessInitializeOnLoadAttributes (201ms)
				ProcessInitializeOnLoadMethodAttributes (19ms)
				AfterProcessingInitializeOnLoad (2ms)
				EditorAssembliesLoaded (0ms)
			ExecutionOrderSort2 (0ms)
			AwakeInstancesAfterBackupRestoration (3ms)
Platform modules already initialized, skipping
========================================================================
Worker process is ready to serve import requests
Launched and connected shader compiler UnityShaderCompiler.exe after 0.04 seconds
Refreshing native plugins compatible for Editor in 0.83 ms, found 2 plugins.
Preloading 0 native plugins for Editor in 0.00 ms.
Unloading 2413 Unused Serialized files (Serialized files now loaded: 0)
Unloading 76 unused Assets / (0.5 MB). Loaded Objects now: 2855.
Memory consumption went from 105.5 MB to 104.9 MB.
Total: 2.880200 ms (FindLiveObjects: 0.263500 ms CreateObjectMapping: 0.119000 ms MarkObjects: 2.295300 ms  DeleteObjects: 0.201500 ms)

AssetImportParameters requested are different than current active one (requested -> active):
  custom:video-decoder-ogg-theora: a1e56fd34408186e4bbccfd4996cb3dc -> 
  custom:container-muxer-webm: aa71ff27fc2769a1b78a27578f13a17b -> 
  custom:container-demuxer-webm: 4f35f7cbe854078d1ac9338744f61a02 -> 
  custom:video-encoder-webm-vp8: eb34c28f22e8b96e1ab97ce403110664 -> 
  custom:video-codec-MediaFoundation-h265: 746d11721c4dcdbdad8f713fa42b33f4 -> 
  custom:audio-encoder-webm-vorbis: bf7c407c2cedff20999df2af8eb42d56 -> 
  custom:framework-win-MediaFoundation: 216162199b28c13a410421893ffa2e32 -> 
  custom:container-demuxer-ogg: 62fdf1f143b41e24485cea50d1cbac27 -> 
  custom:video-decoder-webm-vp8: 9c59270c3fd7afecdb556c50c9e8de78 -> 
  custom:audio-decoder-ogg-vorbis: bf7c407c2cedff20999df2af8eb42d56 -> 
========================================================================
Received Import Request.
  Time since last request: 1940.835204 seconds.
  path: Assets/_App/Textures/CFX3_T_GlowSpike.png
  artifactKey: Guid(ef7c6c2563f24da42b7c53853678ae82) Importer(815301076,1909f56bfc062723c751e8b465ee728b)
Start importing Assets/_App/Textures/CFX3_T_GlowSpike.png using Guid(ef7c6c2563f24da42b7c53853678ae82) Importer(815301076,1909f56bfc062723c751e8b465ee728b)  -> (artifact id: '3b1cb7790650f50b9a67a9df7962c157') in 0.047248 seconds 
========================================================================
Received Import Request.
  Time since last request: 51.041757 seconds.
  path: Assets/App/Prefabs/Bat Variant.prefab
  artifactKey: Guid(0b823b7d7a6b5d944a4fd600b92900b4) Importer(815301076,1909f56bfc062723c751e8b465ee728b)
Start importing Assets/App/Prefabs/Bat Variant.prefab using Guid(0b823b7d7a6b5d944a4fd600b92900b4) Importer(815301076,1909f56bfc062723c751e8b465ee728b)  -> (artifact id: '35157f2b041f986284c9eaaab1f103c0') in 0.181639 seconds 
========================================================================
Received Import Request.
  Time since last request: 0.818863 seconds.
  path: Assets/App/Prefabs/Big Tutor Sphere.prefab
  artifactKey: Guid(b9d653cb23037a24cbb8528f3c914a02) Importer(815301076,1909f56bfc062723c751e8b465ee728b)
Start importing Assets/App/Prefabs/Big Tutor Sphere.prefab using Guid(b9d653cb23037a24cbb8528f3c914a02) Importer(815301076,1909f56bfc062723c751e8b465ee728b)  -> (artifact id: 'f7f6f16c7fd966867bd288ce1cd33904') in 0.092342 seconds 
========================================================================
Received Import Request.
  Time since last request: 0.316516 seconds.
  path: Assets/App/Prefabs/bot.prefab
  artifactKey: Guid(08a28055530e69a40a5ad8c7bfd80408) Importer(815301076,1909f56bfc062723c751e8b465ee728b)
Start importing Assets/App/Prefabs/bot.prefab using Guid(08a28055530e69a40a5ad8c7bfd80408) Importer(815301076,1909f56bfc062723c751e8b465ee728b)  -> (artifact id: 'f2a8b0d9b9b468ab37b8fe3fd812f4a3') in 0.009824 seconds 
========================================================================
Received Import Request.
  Time since last request: 0.336689 seconds.
  path: Assets/App/Prefabs/Canvas  mobile.prefab
  artifactKey: Guid(1ff663a66db43cd4f91383ff1d35d2cc) Importer(815301076,1909f56bfc062723c751e8b465ee728b)
Start importing Assets/App/Prefabs/Canvas  mobile.prefab using Guid(1ff663a66db43cd4f91383ff1d35d2cc) Importer(815301076,1909f56bfc062723c751e8b465ee728b)  -> (artifact id: '1e9cf34ddef601af5855720bd2d71a1c') in 0.010487 seconds 
========================================================================
Received Import Request.
  Time since last request: 0.301718 seconds.
  path: Assets/App/Prefabs/Canvas.prefab
  artifactKey: Guid(a5794edbf44e909479f2117c911f2635) Importer(815301076,1909f56bfc062723c751e8b465ee728b)
Start importing Assets/App/Prefabs/Canvas.prefab using Guid(a5794edbf44e909479f2117c911f2635) Importer(815301076,1909f56bfc062723c751e8b465ee728b)  -> (artifact id: 'bca8df2d7aa2e7bc8f24629134d5f0ef') in 0.007661 seconds 
========================================================================
Received Import Request.
  Time since last request: 0.138777 seconds.
  path: Assets/App/Prefabs/Canvas.prefab
  artifactKey: Guid(a5794edbf44e909479f2117c911f2635) Importer(815301076,1909f56bfc062723c751e8b465ee728b)
Start importing Assets/App/Prefabs/Canvas.prefab using Guid(a5794edbf44e909479f2117c911f2635) Importer(815301076,1909f56bfc062723c751e8b465ee728b)  -> (artifact id: '6a17450bf86aedcb0b435bf6d1550673') in 0.003301 seconds 
========================================================================
Received Import Request.
  Time since last request: 0.205704 seconds.
  path: Assets/App/Prefabs/CM vcam simple follow (1).prefab
  artifactKey: Guid(723725ebcd08845408033937adfca79e) Importer(815301076,1909f56bfc062723c751e8b465ee728b)
Start importing Assets/App/Prefabs/CM vcam simple follow (1).prefab using Guid(723725ebcd08845408033937adfca79e) Importer(815301076,1909f56bfc062723c751e8b465ee728b)  -> (artifact id: '23a368c3f93bfa7d9d461e8c23c5188c') in 0.008334 seconds 
========================================================================
Received Import Request.
  Time since last request: 0.226059 seconds.
  path: Assets/App/Prefabs/ConfettiBlastRainbow Variant.prefab
  artifactKey: Guid(7a9dd471b1cddc84ca827d9ce4932d8b) Importer(815301076,1909f56bfc062723c751e8b465ee728b)
Start importing Assets/App/Prefabs/ConfettiBlastRainbow Variant.prefab using Guid(7a9dd471b1cddc84ca827d9ce4932d8b) Importer(815301076,1909f56bfc062723c751e8b465ee728b)  -> (artifact id: '3efaef79a6e5744ec573a846382bbbf0') in 0.028818 seconds 
========================================================================
Received Import Request.
  Time since last request: 0.015299 seconds.
  path: Assets/Epic Toon FX/Materials/Confetti/confetti.mat
  artifactKey: Guid(3625342a449601544b410357b8e7f201) Importer(815301076,1909f56bfc062723c751e8b465ee728b)
Start importing Assets/Epic Toon FX/Materials/Confetti/confetti.mat using Guid(3625342a449601544b410357b8e7f201) Importer(815301076,1909f56bfc062723c751e8b465ee728b)  -> (artifact id: 'c4db14cdeaee4d873e497813003bb582') in 0.035573 seconds 
========================================================================
Received Import Request.
  Time since last request: 0.069881 seconds.
  path: Assets/App/Prefabs/Crown.prefab
  artifactKey: Guid(87843aba1df843b4ca44f8f98f19626b) Importer(815301076,1909f56bfc062723c751e8b465ee728b)
Start importing Assets/App/Prefabs/Crown.prefab using Guid(87843aba1df843b4ca44f8f98f19626b) Importer(815301076,1909f56bfc062723c751e8b465ee728b)  -> (artifact id: '15f02927ed1bf1f803f6b75a751fbe00') in 0.014997 seconds 
========================================================================
Received Import Request.
  Time since last request: 0.167531 seconds.
  path: Assets/App/Prefabs/Finish.prefab
  artifactKey: Guid(4a8843985e57012489c405bee65d7624) Importer(815301076,1909f56bfc062723c751e8b465ee728b)
Start importing Assets/App/Prefabs/Finish.prefab using Guid(4a8843985e57012489c405bee65d7624) Importer(815301076,1909f56bfc062723c751e8b465ee728b)  -> (artifact id: 'ab57d7b3a0762b982a53db78626535ff') in 0.022838 seconds 
========================================================================
Received Import Request.
  Time since last request: 0.161313 seconds.
  path: Assets/App/Prefabs/GameStateInfo.controller
  artifactKey: Guid(d100d0859b0ed224b86ec634d6420b31) Importer(815301076,1909f56bfc062723c751e8b465ee728b)
Start importing Assets/App/Prefabs/GameStateInfo.controller using Guid(d100d0859b0ed224b86ec634d6420b31) Importer(815301076,1909f56bfc062723c751e8b465ee728b)  -> (artifact id: 'c467e818b3a520ca54e98fb8219018af') in 0.007595 seconds 
========================================================================
Received Import Request.
  Time since last request: 0.240343 seconds.
  path: Assets/App/Prefabs/Hero Variant.prefab
  artifactKey: Guid(46f2d4f538103eb48950691d8d85eaa3) Importer(815301076,1909f56bfc062723c751e8b465ee728b)
Start importing Assets/App/Prefabs/Hero Variant.prefab using Guid(46f2d4f538103eb48950691d8d85eaa3) Importer(815301076,1909f56bfc062723c751e8b465ee728b)  -> (artifact id: 'a871f99e64b90bfcd8b94e92d608e38f') in 0.075695 seconds 
========================================================================
Received Import Request.
  Time since last request: 0.130152 seconds.
  path: Assets/App/Prefabs/Hero.prefab
  artifactKey: Guid(4fdd94aa448790b4d9df192a56e6685f) Importer(815301076,1909f56bfc062723c751e8b465ee728b)
Start importing Assets/App/Prefabs/Hero.prefab using Guid(4fdd94aa448790b4d9df192a56e6685f) Importer(815301076,1909f56bfc062723c751e8b465ee728b)  -> (artifact id: '00b635897b1d8f437bce32f23837d3d2') in 0.050508 seconds 
========================================================================
Received Import Request.
  Time since last request: 3.261655 seconds.
  path: Assets/Prefabs/Floors
  artifactKey: Guid(db6b6f51cff1b294c82ed2b8bf7fe750) Importer(815301076,1909f56bfc062723c751e8b465ee728b)
Start importing Assets/Prefabs/Floors using Guid(db6b6f51cff1b294c82ed2b8bf7fe750) Importer(815301076,1909f56bfc062723c751e8b465ee728b)  -> (artifact id: '828f1bde4005f29dac8acce5718eb8e5') in 0.006786 seconds 
========================================================================
Received Import Request.
  Time since last request: 1.581286 seconds.
  path: Assets/Prefabs/Cubes
  artifactKey: Guid(ddabab30642167e4da18792195238809) Importer(815301076,1909f56bfc062723c751e8b465ee728b)
Start importing Assets/Prefabs/Cubes using Guid(ddabab30642167e4da18792195238809) Importer(815301076,1909f56bfc062723c751e8b465ee728b)  -> (artifact id: '0a38641c41d49d46aa1bead99f8d4590') in 0.005785 seconds 
